<?xml version="1.0" encoding="UTF-8"?>
<!-- Generated by org.testng.reporters.JUnitReportReporter -->
<testsuite hostname="Sewar" failures="0" tests="11" name="almusafer.almusafer" time="19.156" errors="0" timestamp="2025-05-06T21:33:40 EET" skipped="0">
  <testcase classname="almusafer.almusafer" name="countryslection" time="2.351"/>
  <system-out/>
  <testcase classname="almusafer.almusafer" name="checkthedefualtlanguage" time="0.050"/>
  <system-out/>
  <testcase classname="almusafer.almusafer" name="checkcontactnumber" time="0.106"/>
  <system-out/>
  <testcase classname="almusafer.almusafer" name="checkthecurrency" time="0.044"/>
  <system-out/>
  <testcase classname="almusafer.almusafer" name="QitafLogo" time="0.076"/>
  <system-out/>
  <testcase classname="almusafer.almusafer" name="thedefaultisflights" time="1.596"/>
  <system-out/>
  <testcase classname="almusafer.almusafer" name="departuredate" time="0.491"/>
  <system-out/>
  <testcase classname="almusafer.almusafer" name="returndate" time="0.200"/>
  <system-out/>
  <testcase classname="almusafer.almusafer" name="testLanguageByUrl" time="5.449"/>
  <system-out/>
  <testcase classname="almusafer.almusafer" name="gotostaysbottun" time="3.252"/>
  <system-out/>
  <testcase classname="almusafer.almusafer" name="selectadultsnumber" time="5.541"/>
  <system-out/>
</testsuite> <!-- almusafer.almusafer -->
