<?xml version="1.0" encoding="UTF-8"?>
<!-- Generated by org.testng.reporters.JUnitReportReporter -->
<testsuite hostname="Sewar" failures="0" tests="3" name="testcases.Apptest" time="2.731" errors="0" timestamp="2025-04-23T14:09:51 EET" skipped="0">
  <testcase classname="testcases.Apptest" name="RadioButton" time="0.208"/>
  <system-out/>
  <testcase classname="testcases.Apptest" name="Dynamic_Dropdown" time="2.274"/>
  <system-out/>
  <testcase classname="testcases.Apptest" name="selectButton" time="0.249"/>
  <system-out/>
</testsuite> <!-- testcases.Apptest -->
